2025-08-01 11:05:21,539 - common.log_handler - INFO - ========获取首页api总数数据，测试开始==========
2025-08-01 11:05:21,605 - common.log_handler - INFO - ========获取首页api总数数据，测试结束==========
2025-08-01 11:05:21,608 - common.log_handler - INFO - ========获取首页应用总数数据，测试开始==========
2025-08-01 11:05:21,678 - common.log_handler - INFO - ========获取首页应用总数数据，测试结束==========
2025-08-01 11:05:21,680 - common.log_handler - INFO - ========获取首页数据总量数据，测试开始==========
2025-08-01 11:05:21,772 - common.log_handler - INFO - ========获取首页数据总量数据，测试结束==========
2025-08-01 11:05:21,775 - common.log_handler - INFO - ========获取首页文件总数数据，测试开始==========
2025-08-01 11:05:21,817 - common.log_handler - INFO - ========获取首页文件总数数据，测试结束==========
2025-08-01 11:05:21,820 - common.log_handler - INFO - ========获取首页待处置事件高危风险待处置/已处置饼图，测试开始==========
2025-08-01 11:05:21,877 - common.log_handler - INFO - 获取到风险列表高危待处置数量：5，已处置数量：0
2025-08-01 11:05:21,897 - common.log_handler - INFO - ========获取首页待处置事件高危风险待处置/已处置饼图，测试结束==========
2025-08-01 11:05:21,900 - common.log_handler - INFO - ========获取首页待处置事件低危风险待处置/已处置饼图，测试开始==========
2025-08-01 11:05:21,943 - common.log_handler - INFO - 获取到风险列表低危风险待处置数量：0，已处置数量：0
2025-08-01 11:05:21,964 - common.log_handler - INFO - ========获取首页待处置事件低危风险待处置/已处置饼图，测试结束==========
2025-08-01 11:05:21,967 - common.log_handler - INFO - ========获取首页待处置事件中危风险待处置/已处置饼图，测试开始==========
2025-08-01 11:05:22,029 - common.log_handler - INFO - 获取到风险列表中危待处置数量：8，已处置数量：0
2025-08-01 11:05:22,051 - common.log_handler - INFO - ========获取首页待处置事件中危风险待处置/已处置饼图，测试结束==========
2025-08-01 11:05:22,054 - common.log_handler - INFO - ========获取首页待处置事件高危弱点待处置/已处置饼图，测试开始==========
2025-08-01 11:05:22,108 - common.log_handler - INFO - 获取到弱点列表高危待处置数量：13，已处置数量：0
2025-08-01 11:05:22,132 - common.log_handler - INFO - ========获取首页待处置事件高危弱点待处置/已处置饼图，测试结束==========
2025-08-01 11:05:22,134 - common.log_handler - INFO - ========获取首页待处置事件低危弱点待处置/已处置饼图，测试开始==========
2025-08-01 11:05:22,187 - common.log_handler - INFO - 获取到弱点列表低危弱点待处置数量：4，已处置数量：0
2025-08-01 11:05:22,208 - common.log_handler - INFO - ========获取首页待处置事件低危弱点待处置/已处置饼图，测试结束==========
2025-08-01 11:05:22,211 - common.log_handler - INFO - ========获取首页待处置事件中危弱点待处置/已处置饼图，测试开始==========
2025-08-01 11:05:22,266 - common.log_handler - INFO - 获取到弱点列表中危待处置数量：19，已处置数量：0
2025-08-01 11:05:22,286 - common.log_handler - INFO - ========获取首页待处置事件中危弱点待处置/已处置饼图，测试结束==========
2025-08-01 11:05:22,289 - common.log_handler - INFO - ========获取首页风险api分布饼图高风险api总数数据，测试开始==========
2025-08-01 11:05:22,353 - common.log_handler - INFO - ========获取首页风险api分布饼图高风险api总数数据，测试结束==========
2025-08-01 11:05:22,356 - common.log_handler - INFO - ========获取首页风险api分布饼图低风险api总数数据，测试开始==========
2025-08-01 11:05:22,404 - common.log_handler - INFO - ========获取首页风险api分布饼图低风险api总数数据，测试结束==========
2025-08-01 11:05:22,406 - common.log_handler - INFO - ========获取首页风险api分布饼图中风险api总数数据，测试开始==========
2025-08-01 11:05:22,461 - common.log_handler - INFO - ========获取首页风险api分布饼图中风险api总数数据，测试结束==========
2025-08-01 11:05:22,466 - common.log_handler - INFO - ========获取首页风险概览涉敏数据量，测试开始==========
2025-08-01 11:05:22,560 - common.log_handler - INFO - ========获取首页风险概览涉敏数据量，测试结束==========
2025-08-01 11:05:22,562 - common.log_handler - INFO - ========获取首页风险概览敏感文件总数数据，测试开始==========
2025-08-01 11:05:22,606 - common.log_handler - INFO - ========获取首页风险概览敏感文件总数数据，测试结束==========
2025-08-01 11:05:22,608 - common.log_handler - INFO - ========获取首页风险概览风险api总数数据，测试开始==========
2025-08-01 11:05:22,677 - common.log_handler - INFO - ========获取首页风险概览风险api总数数据，测试结束==========
2025-08-01 11:05:22,681 - common.log_handler - INFO - ========获取首页风险概览风险账号总数数据，测试开始==========
2025-08-01 11:05:22,726 - common.log_handler - INFO - ========获取首页风险概览风险账号总数数据，测试结束==========
2025-08-01 11:05:22,728 - common.log_handler - INFO - ========获取首页风险概览风险用户总数数据，测试开始==========
2025-08-01 11:05:22,773 - common.log_handler - INFO - ========获取首页风险概览风险用户总数数据，测试结束==========
2025-08-01 11:05:22,776 - common.log_handler - INFO - ========获取首页风险概览弱点api总数数据，测试开始==========
2025-08-01 11:05:22,844 - common.log_handler - INFO - ========获取首页风险概览弱点api总数数据，测试结束==========
2025-08-01 11:05:22,847 - common.log_handler - INFO - ========获取首页风险api分布饼图高危弱点api总数数据，测试开始==========
2025-08-01 11:05:22,910 - common.log_handler - INFO - ========获取首页风险api分布饼图高危弱点api总数数据，测试结束==========
2025-08-01 11:05:22,914 - common.log_handler - INFO - ========获取首页风险api分布饼图低危弱点api总数数据，测试开始==========
2025-08-01 11:05:22,969 - common.log_handler - INFO - ========获取首页风险api分布饼图低危弱点api总数数据，测试结束==========
2025-08-01 11:05:22,972 - common.log_handler - INFO - ========获取首页风险api分布饼图中危弱点api总数数据，测试开始==========
2025-08-01 11:05:23,026 - common.log_handler - INFO - ========获取首页风险api分布饼图中危弱点api总数数据，测试结束==========
2025-08-01 11:15:51,693 - common.log_handler - INFO - ========获取首页api总数数据，测试开始==========
2025-08-01 11:15:51,747 - common.log_handler - INFO - ========获取首页api总数数据，测试结束==========
2025-08-01 11:15:51,750 - common.log_handler - INFO - ========获取首页应用总数数据，测试开始==========
2025-08-01 11:15:51,817 - common.log_handler - INFO - ========获取首页应用总数数据，测试结束==========
2025-08-01 11:15:51,819 - common.log_handler - INFO - ========获取首页数据总量数据，测试开始==========
2025-08-01 11:15:51,913 - common.log_handler - INFO - ========获取首页数据总量数据，测试结束==========
2025-08-01 11:15:51,916 - common.log_handler - INFO - ========获取首页文件总数数据，测试开始==========
2025-08-01 11:15:51,959 - common.log_handler - INFO - ========获取首页文件总数数据，测试结束==========
2025-08-01 11:15:51,962 - common.log_handler - INFO - ========获取首页待处置事件高危风险待处置/已处置饼图，测试开始==========
2025-08-01 11:15:52,014 - common.log_handler - INFO - 获取到风险列表高危待处置数量：5，已处置数量：0
2025-08-01 11:15:52,034 - common.log_handler - INFO - ========获取首页待处置事件高危风险待处置/已处置饼图，测试结束==========
2025-08-01 11:15:52,037 - common.log_handler - INFO - ========获取首页待处置事件低危风险待处置/已处置饼图，测试开始==========
2025-08-01 11:15:52,079 - common.log_handler - INFO - 获取到风险列表低危风险待处置数量：0，已处置数量：0
2025-08-01 11:15:52,099 - common.log_handler - INFO - ========获取首页待处置事件低危风险待处置/已处置饼图，测试结束==========
2025-08-01 11:15:52,102 - common.log_handler - INFO - ========获取首页待处置事件中危风险待处置/已处置饼图，测试开始==========
2025-08-01 11:15:52,155 - common.log_handler - INFO - 获取到风险列表中危待处置数量：8，已处置数量：0
2025-08-01 11:15:52,180 - common.log_handler - INFO - ========获取首页待处置事件中危风险待处置/已处置饼图，测试结束==========
2025-08-01 11:15:52,186 - common.log_handler - INFO - ========获取首页待处置事件高危弱点待处置/已处置饼图，测试开始==========
2025-08-01 11:15:52,242 - common.log_handler - INFO - 获取到弱点列表高危待处置数量：13，已处置数量：0
2025-08-01 11:15:52,265 - common.log_handler - INFO - ========获取首页待处置事件高危弱点待处置/已处置饼图，测试结束==========
2025-08-01 11:15:52,268 - common.log_handler - INFO - ========获取首页待处置事件低危弱点待处置/已处置饼图，测试开始==========
2025-08-01 11:15:52,324 - common.log_handler - INFO - 获取到弱点列表低危弱点待处置数量：4，已处置数量：0
2025-08-01 11:15:52,345 - common.log_handler - INFO - ========获取首页待处置事件低危弱点待处置/已处置饼图，测试结束==========
2025-08-01 11:15:52,348 - common.log_handler - INFO - ========获取首页待处置事件中危弱点待处置/已处置饼图，测试开始==========
2025-08-01 11:15:52,404 - common.log_handler - INFO - 获取到弱点列表中危待处置数量：19，已处置数量：0
2025-08-01 11:15:52,425 - common.log_handler - INFO - ========获取首页待处置事件中危弱点待处置/已处置饼图，测试结束==========
2025-08-01 11:15:52,429 - common.log_handler - INFO - ========获取首页风险api分布饼图高风险api总数数据，测试开始==========
2025-08-01 11:15:52,493 - common.log_handler - INFO - ========获取首页风险api分布饼图高风险api总数数据，测试结束==========
2025-08-01 11:15:52,495 - common.log_handler - INFO - ========获取首页风险api分布饼图低风险api总数数据，测试开始==========
2025-08-01 11:15:52,553 - common.log_handler - INFO - ========获取首页风险api分布饼图低风险api总数数据，测试结束==========
2025-08-01 11:15:52,557 - common.log_handler - INFO - ========获取首页风险api分布饼图中风险api总数数据，测试开始==========
2025-08-01 11:15:52,608 - common.log_handler - INFO - ========获取首页风险api分布饼图中风险api总数数据，测试结束==========
2025-08-01 11:15:52,611 - common.log_handler - INFO - ========获取首页风险概览涉敏数据量，测试开始==========
2025-08-01 11:15:52,690 - common.log_handler - INFO - ========获取首页风险概览涉敏数据量，测试结束==========
2025-08-01 11:15:52,692 - common.log_handler - INFO - ========获取首页风险概览敏感文件总数数据，测试开始==========
2025-08-01 11:15:52,734 - common.log_handler - INFO - ========获取首页风险概览敏感文件总数数据，测试结束==========
2025-08-01 11:15:52,737 - common.log_handler - INFO - ========获取首页风险概览风险api总数数据，测试开始==========
2025-08-01 11:15:52,799 - common.log_handler - INFO - ========获取首页风险概览风险api总数数据，测试结束==========
2025-08-01 11:15:52,802 - common.log_handler - INFO - ========获取首页风险概览风险账号总数数据，测试开始==========
2025-08-01 11:15:52,844 - common.log_handler - INFO - ========获取首页风险概览风险账号总数数据，测试结束==========
2025-08-01 11:15:52,847 - common.log_handler - INFO - ========获取首页风险概览风险用户总数数据，测试开始==========
2025-08-01 11:15:52,891 - common.log_handler - INFO - ========获取首页风险概览风险用户总数数据，测试结束==========
2025-08-01 11:15:52,894 - common.log_handler - INFO - ========获取首页风险概览弱点api总数数据，测试开始==========
2025-08-01 11:15:52,959 - common.log_handler - INFO - ========获取首页风险概览弱点api总数数据，测试结束==========
2025-08-01 11:15:52,964 - common.log_handler - INFO - ========获取首页风险api分布饼图高危弱点api总数数据，测试开始==========
2025-08-01 11:15:53,025 - common.log_handler - INFO - ========获取首页风险api分布饼图高危弱点api总数数据，测试结束==========
2025-08-01 11:15:53,028 - common.log_handler - INFO - ========获取首页风险api分布饼图低危弱点api总数数据，测试开始==========
2025-08-01 11:15:53,088 - common.log_handler - INFO - ========获取首页风险api分布饼图低危弱点api总数数据，测试结束==========
2025-08-01 11:15:53,091 - common.log_handler - INFO - ========获取首页风险api分布饼图中危弱点api总数数据，测试开始==========
2025-08-01 11:15:53,151 - common.log_handler - INFO - ========获取首页风险api分布饼图中危弱点api总数数据，测试结束==========
2025-08-01 14:45:12,308 - common.log_handler - INFO - ========获取首页api总数数据，测试开始==========
2025-08-01 14:45:12,366 - common.log_handler - INFO - ========获取首页api总数数据，测试结束==========
2025-08-01 14:45:12,369 - common.log_handler - INFO - ========获取首页应用总数数据，测试开始==========
2025-08-01 14:45:12,432 - common.log_handler - INFO - ========获取首页应用总数数据，测试结束==========
2025-08-01 14:45:12,434 - common.log_handler - INFO - ========获取首页数据总量数据，测试开始==========
2025-08-01 14:45:12,524 - common.log_handler - INFO - ========获取首页数据总量数据，测试结束==========
2025-08-01 14:45:12,527 - common.log_handler - INFO - ========获取首页文件总数数据，测试开始==========
2025-08-01 14:45:12,573 - common.log_handler - INFO - ========获取首页文件总数数据，测试结束==========
2025-08-01 14:45:12,576 - common.log_handler - INFO - ========获取首页待处置事件高危风险待处置/已处置饼图，测试开始==========
2025-08-01 14:45:12,638 - common.log_handler - INFO - 获取到风险列表高危待处置数量：5，已处置数量：0
2025-08-01 14:45:12,660 - common.log_handler - INFO - ========获取首页待处置事件高危风险待处置/已处置饼图，测试结束==========
2025-08-01 14:45:12,665 - common.log_handler - INFO - ========获取首页待处置事件低危风险待处置/已处置饼图，测试开始==========
2025-08-01 14:45:12,709 - common.log_handler - INFO - 获取到风险列表低危风险待处置数量：0，已处置数量：0
2025-08-01 14:45:12,731 - common.log_handler - INFO - ========获取首页待处置事件低危风险待处置/已处置饼图，测试结束==========
2025-08-01 14:45:12,735 - common.log_handler - INFO - ========获取首页待处置事件中危风险待处置/已处置饼图，测试开始==========
2025-08-01 14:45:12,789 - common.log_handler - INFO - 获取到风险列表中危待处置数量：8，已处置数量：0
2025-08-01 14:45:12,810 - common.log_handler - INFO - ========获取首页待处置事件中危风险待处置/已处置饼图，测试结束==========
2025-08-01 14:45:12,813 - common.log_handler - INFO - ========获取首页待处置事件高危弱点待处置/已处置饼图，测试开始==========
2025-08-01 14:45:12,872 - common.log_handler - INFO - 获取到弱点列表高危待处置数量：13，已处置数量：0
2025-08-01 14:45:12,892 - common.log_handler - INFO - ========获取首页待处置事件高危弱点待处置/已处置饼图，测试结束==========
2025-08-01 14:45:12,895 - common.log_handler - INFO - ========获取首页待处置事件低危弱点待处置/已处置饼图，测试开始==========
2025-08-01 14:45:12,950 - common.log_handler - INFO - 获取到弱点列表低危弱点待处置数量：4，已处置数量：0
2025-08-01 14:45:12,972 - common.log_handler - INFO - ========获取首页待处置事件低危弱点待处置/已处置饼图，测试结束==========
2025-08-01 14:45:12,974 - common.log_handler - INFO - ========获取首页待处置事件中危弱点待处置/已处置饼图，测试开始==========
2025-08-01 14:45:13,033 - common.log_handler - INFO - 获取到弱点列表中危待处置数量：21，已处置数量：0
2025-08-01 14:45:13,054 - common.log_handler - INFO - ========获取首页待处置事件中危弱点待处置/已处置饼图，测试结束==========
2025-08-01 14:45:13,060 - common.log_handler - INFO - ========获取首页风险api分布饼图高风险api总数数据，测试开始==========
2025-08-01 14:45:13,116 - common.log_handler - INFO - ========获取首页风险api分布饼图高风险api总数数据，测试结束==========
2025-08-01 14:45:13,118 - common.log_handler - INFO - ========获取首页风险api分布饼图低风险api总数数据，测试开始==========
2025-08-01 14:45:13,178 - common.log_handler - INFO - ========获取首页风险api分布饼图低风险api总数数据，测试结束==========
2025-08-01 14:45:13,182 - common.log_handler - INFO - ========获取首页风险api分布饼图中风险api总数数据，测试开始==========
2025-08-01 14:45:13,229 - common.log_handler - INFO - ========获取首页风险api分布饼图中风险api总数数据，测试结束==========
2025-08-01 14:45:13,232 - common.log_handler - INFO - ========获取首页风险概览涉敏数据量，测试开始==========
2025-08-01 14:45:13,321 - common.log_handler - INFO - ========获取首页风险概览涉敏数据量，测试结束==========
2025-08-01 14:45:13,324 - common.log_handler - INFO - ========获取首页风险概览敏感文件总数数据，测试开始==========
2025-08-01 14:45:13,373 - common.log_handler - INFO - ========获取首页风险概览敏感文件总数数据，测试结束==========
2025-08-01 14:45:13,376 - common.log_handler - INFO - ========获取首页风险概览风险api总数数据，测试开始==========
2025-08-01 14:45:13,429 - common.log_handler - INFO - ========获取首页风险概览风险api总数数据，测试结束==========
2025-08-01 14:45:13,432 - common.log_handler - INFO - ========获取首页风险概览风险账号总数数据，测试开始==========
2025-08-01 14:45:13,472 - common.log_handler - INFO - ========获取首页风险概览风险账号总数数据，测试结束==========
2025-08-01 14:45:13,476 - common.log_handler - INFO - ========获取首页风险概览风险用户总数数据，测试开始==========
2025-08-01 14:45:13,516 - common.log_handler - INFO - ========获取首页风险概览风险用户总数数据，测试结束==========
2025-08-01 14:45:13,519 - common.log_handler - INFO - ========获取首页风险概览弱点api总数数据，测试开始==========
2025-08-01 14:45:13,579 - common.log_handler - INFO - ========获取首页风险概览弱点api总数数据，测试结束==========
2025-08-01 14:45:13,583 - common.log_handler - INFO - ========获取首页风险api分布饼图高危弱点api总数数据，测试开始==========
2025-08-01 14:45:13,651 - common.log_handler - INFO - ========获取首页风险api分布饼图高危弱点api总数数据，测试结束==========
2025-08-01 14:45:13,655 - common.log_handler - INFO - ========获取首页风险api分布饼图低危弱点api总数数据，测试开始==========
2025-08-01 14:45:13,707 - common.log_handler - INFO - ========获取首页风险api分布饼图低危弱点api总数数据，测试结束==========
2025-08-01 14:45:13,710 - common.log_handler - INFO - ========获取首页风险api分布饼图中危弱点api总数数据，测试开始==========
2025-08-01 14:45:13,766 - common.log_handler - INFO - ========获取首页风险api分布饼图中危弱点api总数数据，测试结束==========
2025-08-01 14:46:44,852 - common.log_handler - INFO - ========获取首页api总数数据，测试开始==========
2025-08-01 14:46:44,909 - common.log_handler - INFO - ========获取首页api总数数据，测试结束==========
2025-08-01 14:46:44,918 - common.log_handler - INFO - ========获取首页应用总数数据，测试开始==========
2025-08-01 14:46:44,987 - common.log_handler - INFO - ========获取首页应用总数数据，测试结束==========
2025-08-01 14:46:44,991 - common.log_handler - INFO - ========获取首页数据总量数据，测试开始==========
2025-08-01 14:46:45,089 - common.log_handler - INFO - ========获取首页数据总量数据，测试结束==========
2025-08-01 14:46:45,094 - common.log_handler - INFO - ========获取首页文件总数数据，测试开始==========
2025-08-01 14:46:45,470 - common.log_handler - INFO - ========获取首页文件总数数据，测试结束==========
2025-08-01 14:47:13,326 - common.log_handler - INFO - ========获取首页api总数数据，测试开始==========
2025-08-01 14:47:13,399 - common.log_handler - INFO - ========获取首页api总数数据，测试结束==========
2025-08-01 14:47:13,402 - common.log_handler - INFO - ========获取首页应用总数数据，测试开始==========
2025-08-01 14:47:13,467 - common.log_handler - INFO - ========获取首页应用总数数据，测试结束==========
2025-08-01 14:47:13,470 - common.log_handler - INFO - ========获取首页数据总量数据，测试开始==========
2025-08-01 14:47:13,563 - common.log_handler - INFO - ========获取首页数据总量数据，测试结束==========
2025-08-01 14:47:13,570 - common.log_handler - INFO - ========获取首页文件总数数据，测试开始==========
2025-08-01 14:47:13,631 - common.log_handler - INFO - ========获取首页文件总数数据，测试结束==========
2025-08-01 14:47:13,633 - common.log_handler - INFO - ========获取首页待处置事件高危风险待处置/已处置饼图，测试开始==========
2025-08-01 14:47:13,683 - common.log_handler - INFO - 获取到风险列表高危待处置数量：5，已处置数量：0
2025-08-01 14:47:13,704 - common.log_handler - INFO - ========获取首页待处置事件高危风险待处置/已处置饼图，测试结束==========
2025-08-01 14:47:13,707 - common.log_handler - INFO - ========获取首页待处置事件低危风险待处置/已处置饼图，测试开始==========
2025-08-01 14:47:13,749 - common.log_handler - INFO - 获取到风险列表低危风险待处置数量：0，已处置数量：0
2025-08-01 14:47:13,771 - common.log_handler - INFO - ========获取首页待处置事件低危风险待处置/已处置饼图，测试结束==========
2025-08-01 14:47:13,776 - common.log_handler - INFO - ========获取首页待处置事件中危风险待处置/已处置饼图，测试开始==========
2025-08-01 14:47:13,824 - common.log_handler - INFO - 获取到风险列表中危待处置数量：8，已处置数量：0
2025-08-01 14:47:13,845 - common.log_handler - INFO - ========获取首页待处置事件中危风险待处置/已处置饼图，测试结束==========
2025-08-01 14:47:13,848 - common.log_handler - INFO - ========获取首页待处置事件高危弱点待处置/已处置饼图，测试开始==========
2025-08-01 14:47:13,900 - common.log_handler - INFO - 获取到弱点列表高危待处置数量：13，已处置数量：0
2025-08-01 14:47:13,920 - common.log_handler - INFO - ========获取首页待处置事件高危弱点待处置/已处置饼图，测试结束==========
2025-08-01 14:47:13,923 - common.log_handler - INFO - ========获取首页待处置事件低危弱点待处置/已处置饼图，测试开始==========
2025-08-01 14:47:13,980 - common.log_handler - INFO - 获取到弱点列表低危弱点待处置数量：4，已处置数量：0
2025-08-01 14:47:14,005 - common.log_handler - INFO - ========获取首页待处置事件低危弱点待处置/已处置饼图，测试结束==========
2025-08-01 14:47:14,010 - common.log_handler - INFO - ========获取首页待处置事件中危弱点待处置/已处置饼图，测试开始==========
2025-08-01 14:47:14,067 - common.log_handler - INFO - 获取到弱点列表中危待处置数量：21，已处置数量：0
2025-08-01 14:47:14,088 - common.log_handler - INFO - ========获取首页待处置事件中危弱点待处置/已处置饼图，测试结束==========
2025-08-01 14:47:14,093 - common.log_handler - INFO - ========获取首页风险api分布饼图高风险api总数数据，测试开始==========
2025-08-01 14:47:14,162 - common.log_handler - INFO - ========获取首页风险api分布饼图高风险api总数数据，测试结束==========
2025-08-01 14:47:14,165 - common.log_handler - INFO - ========获取首页风险api分布饼图低风险api总数数据，测试开始==========
2025-08-01 14:47:14,216 - common.log_handler - INFO - ========获取首页风险api分布饼图低风险api总数数据，测试结束==========
2025-08-01 14:47:14,219 - common.log_handler - INFO - ========获取首页风险api分布饼图中风险api总数数据，测试开始==========
2025-08-01 14:47:14,273 - common.log_handler - INFO - ========获取首页风险api分布饼图中风险api总数数据，测试结束==========
2025-08-01 14:47:14,277 - common.log_handler - INFO - ========获取首页风险概览涉敏数据量，测试开始==========
2025-08-01 14:47:14,379 - common.log_handler - INFO - ========获取首页风险概览涉敏数据量，测试结束==========
2025-08-01 14:47:14,382 - common.log_handler - INFO - ========获取首页风险概览敏感文件总数数据，测试开始==========
2025-08-01 14:47:14,442 - common.log_handler - INFO - ========获取首页风险概览敏感文件总数数据，测试结束==========
2025-08-01 14:47:14,445 - common.log_handler - INFO - ========获取首页风险概览风险api总数数据，测试开始==========
2025-08-01 14:47:14,507 - common.log_handler - INFO - ========获取首页风险概览风险api总数数据，测试结束==========
2025-08-01 14:47:14,509 - common.log_handler - INFO - ========获取首页风险概览风险账号总数数据，测试开始==========
2025-08-01 14:47:14,550 - common.log_handler - INFO - ========获取首页风险概览风险账号总数数据，测试结束==========
2025-08-01 14:47:14,552 - common.log_handler - INFO - ========获取首页风险概览风险用户总数数据，测试开始==========
2025-08-01 14:47:14,594 - common.log_handler - INFO - ========获取首页风险概览风险用户总数数据，测试结束==========
2025-08-01 14:47:14,598 - common.log_handler - INFO - ========获取首页风险概览弱点api总数数据，测试开始==========
2025-08-01 14:47:14,659 - common.log_handler - INFO - ========获取首页风险概览弱点api总数数据，测试结束==========
2025-08-01 14:47:14,662 - common.log_handler - INFO - ========获取首页风险api分布饼图高危弱点api总数数据，测试开始==========
2025-08-01 14:47:14,726 - common.log_handler - INFO - ========获取首页风险api分布饼图高危弱点api总数数据，测试结束==========
2025-08-01 14:47:14,728 - common.log_handler - INFO - ========获取首页风险api分布饼图低危弱点api总数数据，测试开始==========
2025-08-01 14:47:14,776 - common.log_handler - INFO - ========获取首页风险api分布饼图低危弱点api总数数据，测试结束==========
2025-08-01 14:47:14,778 - common.log_handler - INFO - ========获取首页风险api分布饼图中危弱点api总数数据，测试开始==========
2025-08-01 14:47:14,834 - common.log_handler - INFO - ========获取首页风险api分布饼图中危弱点api总数数据，测试结束==========
2025-08-01 14:48:46,831 - common.log_handler - INFO - ========获取首页api总数数据，测试开始==========
2025-08-01 14:48:46,890 - common.log_handler - INFO - ========获取首页api总数数据，测试结束==========
2025-08-01 14:48:46,895 - common.log_handler - INFO - ========获取首页应用总数数据，测试开始==========
2025-08-01 14:48:46,969 - common.log_handler - INFO - ========获取首页应用总数数据，测试结束==========
2025-08-01 14:48:46,972 - common.log_handler - INFO - ========获取首页数据总量数据，测试开始==========
2025-08-01 14:48:47,071 - common.log_handler - INFO - ========获取首页数据总量数据，测试结束==========
2025-08-01 14:48:47,075 - common.log_handler - INFO - ========获取首页文件总数数据，测试开始==========
2025-08-01 14:48:47,121 - common.log_handler - INFO - ========获取首页文件总数数据，测试结束==========
2025-08-01 14:48:47,124 - common.log_handler - INFO - ========获取首页待处置事件高危风险待处置/已处置饼图，测试开始==========
2025-08-01 14:48:47,177 - common.log_handler - INFO - 获取到风险列表高危待处置数量：5，已处置数量：0
2025-08-01 14:48:47,199 - common.log_handler - INFO - ========获取首页待处置事件高危风险待处置/已处置饼图，测试结束==========
2025-08-01 14:48:47,203 - common.log_handler - INFO - ========获取首页待处置事件低危风险待处置/已处置饼图，测试开始==========
2025-08-01 14:48:47,249 - common.log_handler - INFO - 获取到风险列表低危风险待处置数量：0，已处置数量：0
2025-08-01 14:48:47,270 - common.log_handler - INFO - ========获取首页待处置事件低危风险待处置/已处置饼图，测试结束==========
2025-08-01 14:48:47,274 - common.log_handler - INFO - ========获取首页待处置事件中危风险待处置/已处置饼图，测试开始==========
2025-08-01 14:48:47,334 - common.log_handler - INFO - 获取到风险列表中危待处置数量：8，已处置数量：0
2025-08-01 14:48:47,361 - common.log_handler - INFO - ========获取首页待处置事件中危风险待处置/已处置饼图，测试结束==========
2025-08-01 14:48:47,365 - common.log_handler - INFO - ========获取首页待处置事件高危弱点待处置/已处置饼图，测试开始==========
2025-08-01 14:48:47,423 - common.log_handler - INFO - 获取到弱点列表高危待处置数量：13，已处置数量：0
2025-08-01 14:48:47,443 - common.log_handler - INFO - ========获取首页待处置事件高危弱点待处置/已处置饼图，测试结束==========
2025-08-01 14:48:47,446 - common.log_handler - INFO - ========获取首页待处置事件低危弱点待处置/已处置饼图，测试开始==========
2025-08-01 14:48:47,496 - common.log_handler - INFO - 获取到弱点列表低危弱点待处置数量：4，已处置数量：0
2025-08-01 14:48:47,516 - common.log_handler - INFO - ========获取首页待处置事件低危弱点待处置/已处置饼图，测试结束==========
2025-08-01 14:48:47,519 - common.log_handler - INFO - ========获取首页待处置事件中危弱点待处置/已处置饼图，测试开始==========
2025-08-01 14:48:47,570 - common.log_handler - INFO - 获取到弱点列表中危待处置数量：21，已处置数量：0
2025-08-01 14:48:47,595 - common.log_handler - INFO - ========获取首页待处置事件中危弱点待处置/已处置饼图，测试结束==========
2025-08-01 14:48:47,599 - common.log_handler - INFO - ========获取首页风险api分布饼图高风险api总数数据，测试开始==========
2025-08-01 14:48:47,665 - common.log_handler - INFO - ========获取首页风险api分布饼图高风险api总数数据，测试结束==========
2025-08-01 14:48:47,668 - common.log_handler - INFO - ========获取首页风险api分布饼图低风险api总数数据，测试开始==========
2025-08-01 14:48:47,723 - common.log_handler - INFO - ========获取首页风险api分布饼图低风险api总数数据，测试结束==========
2025-08-01 14:48:47,727 - common.log_handler - INFO - ========获取首页风险api分布饼图中风险api总数数据，测试开始==========
2025-08-01 14:48:47,783 - common.log_handler - INFO - ========获取首页风险api分布饼图中风险api总数数据，测试结束==========
2025-08-01 14:48:47,788 - common.log_handler - INFO - ========获取首页风险概览涉敏数据量，测试开始==========
2025-08-01 14:48:47,868 - common.log_handler - INFO - ========获取首页风险概览涉敏数据量，测试结束==========
2025-08-01 14:48:47,871 - common.log_handler - INFO - ========获取首页风险概览敏感文件总数数据，测试开始==========
2025-08-01 14:48:47,913 - common.log_handler - INFO - ========获取首页风险概览敏感文件总数数据，测试结束==========
2025-08-01 14:48:47,917 - common.log_handler - INFO - ========获取首页风险概览风险api总数数据，测试开始==========
2025-08-01 14:48:47,978 - common.log_handler - INFO - ========获取首页风险概览风险api总数数据，测试结束==========
2025-08-01 14:48:47,981 - common.log_handler - INFO - ========获取首页风险概览风险账号总数数据，测试开始==========
2025-08-01 14:48:48,022 - common.log_handler - INFO - ========获取首页风险概览风险账号总数数据，测试结束==========
2025-08-01 14:48:48,025 - common.log_handler - INFO - ========获取首页风险概览风险用户总数数据，测试开始==========
2025-08-01 14:48:48,069 - common.log_handler - INFO - ========获取首页风险概览风险用户总数数据，测试结束==========
2025-08-01 14:48:48,072 - common.log_handler - INFO - ========获取首页风险概览弱点api总数数据，测试开始==========
2025-08-01 14:48:48,135 - common.log_handler - INFO - ========获取首页风险概览弱点api总数数据，测试结束==========
2025-08-01 14:48:48,139 - common.log_handler - INFO - ========获取首页风险api分布饼图高危弱点api总数数据，测试开始==========
2025-08-01 14:48:48,198 - common.log_handler - INFO - ========获取首页风险api分布饼图高危弱点api总数数据，测试结束==========
2025-08-01 14:48:48,200 - common.log_handler - INFO - ========获取首页风险api分布饼图低危弱点api总数数据，测试开始==========
2025-08-01 14:48:48,255 - common.log_handler - INFO - ========获取首页风险api分布饼图低危弱点api总数数据，测试结束==========
2025-08-01 14:48:48,258 - common.log_handler - INFO - ========获取首页风险api分布饼图中危弱点api总数数据，测试开始==========
2025-08-01 14:48:48,306 - common.log_handler - INFO - ========获取首页风险api分布饼图中危弱点api总数数据，测试结束==========
2025-08-01 14:54:54,581 - common.log_handler - INFO - ========获取首页待处置事件中危弱点待处置/已处置饼图，测试开始==========
2025-08-01 14:54:54,581 - common.log_handler - INFO - ========获取首页文件总数数据，测试开始==========
2025-08-01 14:54:54,581 - common.log_handler - INFO - ========获取首页应用总数数据，测试开始==========
2025-08-01 14:54:54,582 - common.log_handler - INFO - ========获取首页风险api分布饼图低风险api总数数据，测试开始==========
2025-08-01 14:54:54,582 - common.log_handler - ERROR - token 获取失败
处置事件低危风险待处置/已处置饼图，测试开始==========
2025-08-01 14:54:54,582 - common.log_handler - ERROR - token 获取失败
2025-08-01 14:54:54,582 - common.log_handler - INFO - ========获取首页待处置事件高危弱点待处置/已处置饼图，测试开始==========
2025-08-01 14:54:54,582 - common.log_handler - ERROR - token 获取失败
2025-08-01 14:54:54,582 - common.log_handler - INFO - ========获取首页风险概览涉敏数据量，测试开始==========
2025-08-01 14:54:54,582 - common.log_handler - ERROR - token 获取失败
2025-08-01 14:54:54,582 - common.log_handler - ERROR - token 获取失败
2025-08-01 14:54:55,037 - common.log_handler - INFO - ========获取首页api总数数据，测试开始==========
2025-08-01 14:54:55,159 - common.log_handler - INFO - ========获取首页api总数数据，测试结束==========
2025-08-01 14:54:55,164 - common.log_handler - INFO - ========获取首页风险概览风险api总数数据，测试开始==========
2025-08-01 14:54:55,241 - common.log_handler - INFO - ========获取首页风险概览风险api总数数据，测试结束==========
2025-08-01 14:54:55,249 - common.log_handler - INFO - ========获取首页风险概览风险账号总数数据，测试开始==========
2025-08-01 14:54:55,364 - common.log_handler - INFO - ========获取首页风险概览风险账号总数数据，测试结束==========
2025-08-01 14:54:55,368 - common.log_handler - INFO - ========获取首页风险概览风险用户总数数据，测试开始==========
2025-08-01 14:54:55,464 - common.log_handler - INFO - ========获取首页风险概览风险用户总数数据，测试结束==========
2025-08-01 14:54:55,468 - common.log_handler - INFO - ========获取首页风险概览弱点api总数数据，测试开始==========
2025-08-01 14:54:55,564 - common.log_handler - INFO - ========获取首页风险概览弱点api总数数据，测试结束==========
2025-08-01 14:54:55,569 - common.log_handler - INFO - ========获取首页风险api分布饼图高危弱点api总数数据，测试开始==========
2025-08-01 14:54:55,722 - common.log_handler - INFO - ========获取首页风险api分布饼图高危弱点api总数数据，测试结束==========
2025-08-01 14:54:55,727 - common.log_handler - INFO - ========获取首页风险api分布饼图低危弱点api总数数据，测试开始==========
2025-08-01 14:54:55,790 - common.log_handler - INFO - ========获取首页风险api分布饼图低危弱点api总数数据，测试结束==========
2025-08-01 14:54:55,795 - common.log_handler - INFO - ========获取首页风险api分布饼图中危弱点api总数数据，测试开始==========
2025-08-01 14:54:55,877 - common.log_handler - INFO - ========获取首页风险api分布饼图低风险api总数数据，测试开始==========
2025-08-01 14:54:55,877 - common.log_handler - ERROR - token 获取失败
2025-08-01 14:54:55,885 - common.log_handler - INFO - ========获取首页风险api分布饼图中危弱点api总数数据，测试结束==========
2025-08-01 14:54:55,893 - common.log_handler - INFO - ========获取首页待处置事件中危弱点待处置/已处置饼图，测试开始==========
2025-08-01 14:54:55,894 - common.log_handler - ERROR - token 获取失败
2025-08-01 14:54:55,905 - common.log_handler - INFO - ========获取首页待处置事件低危风险待处置/已处置饼图，测试开始==========
2025-08-01 14:54:55,905 - common.log_handler - ERROR - token 获取失败
2025-08-01 14:54:55,907 - common.log_handler - INFO - ========获取首页文件总数数据，测试开始==========
2025-08-01 14:54:55,907 - common.log_handler - ERROR - token 获取失败
2025-08-01 14:54:55,908 - common.log_handler - INFO - ========获取首页应用总数数据，测试开始==========
2025-08-01 14:54:55,908 - common.log_handler - INFO - ========获取首页待处置事件高危弱点待处置/已处置饼图，测试开始==========
2025-08-01 14:54:55,908 - common.log_handler - ERROR - token 获取失败
2025-08-01 14:54:55,908 - common.log_handler - ERROR - token 获取失败
2025-08-01 14:54:55,910 - common.log_handler - INFO - ========获取首页风险概览涉敏数据量，测试开始==========
2025-08-01 14:54:55,910 - common.log_handler - ERROR - token 获取失败
2025-08-01 14:54:56,893 - common.log_handler - INFO - ========获取首页风险api分布饼图低风险api总数数据，测试开始==========
2025-08-01 14:54:56,893 - common.log_handler - ERROR - token 获取失败
2025-08-01 14:54:56,907 - common.log_handler - INFO - ========获取首页待处置事件中危弱点待处置/已处置饼图，测试开始==========
2025-08-01 14:54:56,907 - common.log_handler - ERROR - token 获取失败
2025-08-01 14:54:56,925 - common.log_handler - INFO - ========获取首页文件总数数据，测试开始==========
2025-08-01 14:54:56,926 - common.log_handler - ERROR - token 获取失败
2025-08-01 14:54:56,928 - common.log_handler - INFO - ========获取首页待处置事件低危风险待处置/已处置饼图，测试开始==========
2025-08-01 14:54:56,928 - common.log_handler - INFO - ========获取首页风险概览涉敏数据量，测试开始==========
2025-08-01 14:54:56,928 - common.log_handler - ERROR - token 获取失败
2025-08-01 14:54:56,928 - common.log_handler - ERROR - token 获取失败
2025-08-01 14:54:56,928 - common.log_handler - INFO - ========获取首页待处置事件高危弱点待处置/已处置饼图，测试开始==========
2025-08-01 14:54:56,928 - common.log_handler - INFO - ========获取首页应用总数数据，测试开始==========
2025-08-01 14:54:56,928 - common.log_handler - ERROR - token 获取失败
2025-08-01 14:54:56,928 - common.log_handler - ERROR - token 获取失败
2025-08-01 14:54:57,910 - common.log_handler - INFO - ========获取首页风险api分布饼图低风险api总数数据，测试开始==========
2025-08-01 14:54:57,910 - common.log_handler - ERROR - token 获取失败
2025-08-01 14:54:57,919 - common.log_handler - INFO - ========获取首页待处置事件中危弱点待处置/已处置饼图，测试开始==========
2025-08-01 14:54:57,919 - common.log_handler - ERROR - token 获取失败
2025-08-01 14:54:57,922 - common.log_handler - INFO - ========获取首页风险api分布饼图中风险api总数数据，测试开始==========
2025-08-01 14:54:57,922 - common.log_handler - ERROR - token 获取失败
2025-08-01 14:54:57,932 - common.log_handler - INFO - ========获取首页风险api分布饼图高风险api总数数据，测试开始==========
2025-08-01 14:54:57,932 - common.log_handler - ERROR - token 获取失败
2025-08-01 14:54:57,943 - common.log_handler - INFO - ========获取首页文件总数数据，测试开始==========
2025-08-01 14:54:57,943 - common.log_handler - ERROR - token 获取失败
2025-08-01 14:54:57,946 - common.log_handler - INFO - ========获取首页待处置事件高危弱点待处置/已处置饼图，测试开始==========
2025-08-01 14:54:57,946 - common.log_handler - ERROR - token 获取失败
2025-08-01 14:54:57,947 - common.log_handler - INFO - ========获取首页应用总数数据，测试开始==========
2025-08-01 14:54:57,947 - common.log_handler - ERROR - token 获取失败
2025-08-01 14:54:57,947 - common.log_handler - INFO - ========获取首页风险概览涉敏数据量，测试开始==========
2025-08-01 14:54:57,948 - common.log_handler - ERROR - token 获取失败
2025-08-01 14:54:57,948 - common.log_handler - INFO - ========获取首页待处置事件低危风险待处置/已处置饼图，测试开始==========
2025-08-01 14:54:57,948 - common.log_handler - ERROR - token 获取失败
2025-08-01 14:54:57,964 - common.log_handler - INFO - ========获取首页待处置事件高危风险待处置/已处置饼图，测试开始==========
2025-08-01 14:54:57,964 - common.log_handler - ERROR - token 获取失败
2025-08-01 14:54:57,966 - common.log_handler - INFO - ========获取首页待处置事件中危风险待处置/已处置饼图，测试开始==========
2025-08-01 14:54:57,966 - common.log_handler - ERROR - token 获取失败
2025-08-01 14:54:57,967 - common.log_handler - INFO - ========获取首页待处置事件低危弱点待处置/已处置饼图，测试开始==========
2025-08-01 14:54:57,968 - common.log_handler - ERROR - token 获取失败
2025-08-01 14:54:57,968 - common.log_handler - INFO - ========获取首页数据总量数据，测试开始==========
2025-08-01 14:54:57,968 - common.log_handler - ERROR - token 获取失败
2025-08-01 14:54:57,968 - common.log_handler - INFO - ========获取首页风险概览敏感文件总数数据，测试开始==========
2025-08-01 14:54:57,968 - common.log_handler - ERROR - token 获取失败
2025-08-01 14:54:58,942 - common.log_handler - INFO - ========获取首页风险api分布饼图中风险api总数数据，测试开始==========
2025-08-01 14:54:58,943 - common.log_handler - ERROR - token 获取失败
2025-08-01 14:54:58,957 - common.log_handler - INFO - ========获取首页风险api分布饼图高风险api总数数据，测试开始==========
2025-08-01 14:54:58,957 - common.log_handler - ERROR - token 获取失败
2025-08-01 14:54:58,991 - common.log_handler - INFO - ========获取首页待处置事件中危风险待处置/已处置饼图，测试开始==========
2025-08-01 14:54:58,991 - common.log_handler - ERROR - token 获取失败
2025-08-01 14:54:58,992 - common.log_handler - INFO - ========获取首页待处置事件高危风险待处置/已处置饼图，测试开始==========
2025-08-01 14:54:58,992 - common.log_handler - ERROR - token 获取失败
2025-08-01 14:54:58,995 - common.log_handler - INFO - ========获取首页数据总量数据，测试开始==========
2025-08-01 14:54:58,996 - common.log_handler - INFO - ========获取首页风险概览敏感文件总数数据，测试开始==========
2025-08-01 14:54:58,996 - common.log_handler - ERROR - token 获取失败
2025-08-01 14:54:58,996 - common.log_handler - ERROR - token 获取失败
2025-08-01 14:54:58,998 - common.log_handler - INFO - ========获取首页待处置事件低危弱点待处置/已处置饼图，测试开始==========
2025-08-01 14:54:58,998 - common.log_handler - ERROR - token 获取失败
2025-08-01 14:54:59,957 - common.log_handler - INFO - ========获取首页风险api分布饼图中风险api总数数据，测试开始==========
2025-08-01 14:54:59,959 - common.log_handler - ERROR - token 获取失败
2025-08-01 14:54:59,969 - common.log_handler - INFO - ========获取首页风险api分布饼图高风险api总数数据，测试开始==========
2025-08-01 14:54:59,969 - common.log_handler - ERROR - token 获取失败
2025-08-01 14:55:00,013 - common.log_handler - INFO - ========获取首页待处置事件高危风险待处置/已处置饼图，测试开始==========
2025-08-01 14:55:00,013 - common.log_handler - INFO - ========获取首页待处置事件中危风险待处置/已处置饼图，测试开始==========
2025-08-01 14:55:00,013 - common.log_handler - ERROR - token 获取失败
2025-08-01 14:55:00,013 - common.log_handler - ERROR - token 获取失败
2025-08-01 14:55:00,015 - common.log_handler - INFO - ========获取首页数据总量数据，测试开始==========
2025-08-01 14:55:00,015 - common.log_handler - ERROR - token 获取失败
2025-08-01 14:55:00,015 - common.log_handler - INFO - ========获取首页待处置事件低危弱点待处置/已处置饼图，测试开始==========
2025-08-01 14:55:00,015 - common.log_handler - INFO - ========获取首页风险概览敏感文件总数数据，测试开始==========
2025-08-01 14:55:00,016 - common.log_handler - ERROR - token 获取失败
2025-08-01 14:55:00,972 - common.log_handler - INFO - ========获取首页风险api分布饼图中风险api总数数据，测试开始==========
2025-08-01 14:55:00,972 - common.log_handler - ERROR - token 获取失败
2025-08-01 14:55:00,981 - common.log_handler - INFO - ========获取首页风险api分布饼图高风险api总数数据，测试开始==========
2025-08-01 14:55:00,981 - common.log_handler - ERROR - token 获取失败
2025-08-01 14:55:01,034 - common.log_handler - INFO - ========获取首页数据总量数据，测试开始==========
2025-08-01 14:55:01,034 - common.log_handler - ERROR - token 获取失败
2025-08-01 14:55:01,034 - common.log_handler - INFO - ========获取首页待处置事件中危风险待处置/已处置饼图，测试开始==========
2025-08-01 14:55:01,034 - common.log_handler - ERROR - token 获取失败
2025-08-01 14:55:01,034 - common.log_handler - INFO - ========获取首页风险概览敏感文件总数数据，测试开始==========
2025-08-01 14:55:01,034 - common.log_handler - INFO - ========获取首页待处置事件高危风险待处置/已处置饼图，测试开始==========
2025-08-01 14:55:01,034 - common.log_handler - ERROR - token 获取失败
2025-08-01 14:55:01,035 - common.log_handler - ERROR - token 获取失败
2025-08-01 14:55:01,036 - common.log_handler - INFO - ========获取首页待处置事件低危弱点待处置/已处置饼图，测试开始==========
2025-08-01 14:55:01,036 - common.log_handler - ERROR - token 获取失败
2025-08-01 14:55:47,565 - common.log_handler - INFO - ========获取首页api总数数据，测试开始==========
2025-08-01 14:55:47,656 - common.log_handler - INFO - ========获取首页api总数数据，测试结束==========
2025-08-01 14:55:47,662 - common.log_handler - INFO - ========获取首页应用总数数据，测试开始==========
2025-08-01 14:55:47,793 - common.log_handler - INFO - ========获取首页应用总数数据，测试结束==========
2025-08-01 14:55:47,797 - common.log_handler - INFO - ========获取首页数据总量数据，测试开始==========
2025-08-01 14:55:47,907 - common.log_handler - INFO - ========获取首页数据总量数据，测试结束==========
2025-08-01 14:55:47,910 - common.log_handler - INFO - ========获取首页文件总数数据，测试开始==========
2025-08-01 14:55:48,016 - common.log_handler - INFO - ========获取首页文件总数数据，测试结束==========
2025-08-01 14:55:48,020 - common.log_handler - INFO - ========获取首页待处置事件高危风险待处置/已处置饼图，测试开始==========
2025-08-01 14:55:48,151 - common.log_handler - INFO - 获取到风险列表高危待处置数量：5，已处置数量：0
2025-08-01 14:55:48,176 - common.log_handler - INFO - ========获取首页待处置事件高危风险待处置/已处置饼图，测试结束==========
2025-08-01 14:55:48,180 - common.log_handler - INFO - ========获取首页待处置事件低危风险待处置/已处置饼图，测试开始==========
2025-08-01 14:55:48,292 - common.log_handler - INFO - 获取到风险列表低危风险待处置数量：0，已处置数量：0
2025-08-01 14:55:48,349 - common.log_handler - INFO - ========获取首页待处置事件低危风险待处置/已处置饼图，测试结束==========
2025-08-01 14:55:48,351 - common.log_handler - INFO - ========获取首页待处置事件中危风险待处置/已处置饼图，测试开始==========
2025-08-01 14:55:48,440 - common.log_handler - INFO - 获取到风险列表中危待处置数量：8，已处置数量：0
2025-08-01 14:55:48,461 - common.log_handler - INFO - ========获取首页待处置事件中危风险待处置/已处置饼图，测试结束==========
2025-08-01 14:55:48,464 - common.log_handler - INFO - ========获取首页待处置事件高危弱点待处置/已处置饼图，测试开始==========
2025-08-01 14:55:48,526 - common.log_handler - INFO - 获取到弱点列表高危待处置数量：13，已处置数量：0
2025-08-01 14:55:48,550 - common.log_handler - INFO - ========获取首页待处置事件高危弱点待处置/已处置饼图，测试结束==========
2025-08-01 14:55:48,552 - common.log_handler - INFO - ========获取首页待处置事件低危弱点待处置/已处置饼图，测试开始==========
2025-08-01 14:55:48,609 - common.log_handler - INFO - 获取到弱点列表低危弱点待处置数量：4，已处置数量：0
2025-08-01 14:55:48,631 - common.log_handler - INFO - ========获取首页待处置事件低危弱点待处置/已处置饼图，测试结束==========
2025-08-01 14:55:48,635 - common.log_handler - INFO - ========获取首页待处置事件中危弱点待处置/已处置饼图，测试开始==========
2025-08-01 14:55:48,689 - common.log_handler - INFO - 获取到弱点列表中危待处置数量：21，已处置数量：0
2025-08-01 14:55:48,712 - common.log_handler - INFO - ========获取首页待处置事件中危弱点待处置/已处置饼图，测试结束==========
2025-08-01 14:55:48,715 - common.log_handler - INFO - ========获取首页风险api分布饼图高风险api总数数据，测试开始==========
2025-08-01 14:55:48,779 - common.log_handler - INFO - ========获取首页风险api分布饼图高风险api总数数据，测试结束==========
2025-08-01 14:55:48,782 - common.log_handler - INFO - ========获取首页风险api分布饼图低风险api总数数据，测试开始==========
2025-08-01 14:55:48,841 - common.log_handler - INFO - ========获取首页风险api分布饼图低风险api总数数据，测试结束==========
2025-08-01 14:55:48,844 - common.log_handler - INFO - ========获取首页风险api分布饼图中风险api总数数据，测试开始==========
2025-08-01 14:55:48,896 - common.log_handler - INFO - ========获取首页风险api分布饼图中风险api总数数据，测试结束==========
2025-08-01 14:55:48,899 - common.log_handler - INFO - ========获取首页风险概览涉敏数据量，测试开始==========
2025-08-01 14:55:48,992 - common.log_handler - INFO - ========获取首页风险概览涉敏数据量，测试结束==========
2025-08-01 14:55:48,995 - common.log_handler - INFO - ========获取首页风险概览敏感文件总数数据，测试开始==========
2025-08-01 14:55:49,040 - common.log_handler - INFO - ========获取首页风险概览敏感文件总数数据，测试结束==========
2025-08-01 14:55:49,043 - common.log_handler - INFO - ========获取首页风险概览风险api总数数据，测试开始==========
2025-08-01 14:55:49,106 - common.log_handler - INFO - ========获取首页风险概览风险api总数数据，测试结束==========
2025-08-01 14:55:49,109 - common.log_handler - INFO - ========获取首页风险概览风险账号总数数据，测试开始==========
2025-08-01 14:55:49,153 - common.log_handler - INFO - ========获取首页风险概览风险账号总数数据，测试结束==========
2025-08-01 14:55:49,156 - common.log_handler - INFO - ========获取首页风险概览风险用户总数数据，测试开始==========
2025-08-01 14:55:49,198 - common.log_handler - INFO - ========获取首页风险概览风险用户总数数据，测试结束==========
2025-08-01 14:55:49,201 - common.log_handler - INFO - ========获取首页风险概览弱点api总数数据，测试开始==========
2025-08-01 14:55:49,261 - common.log_handler - INFO - ========获取首页风险概览弱点api总数数据，测试结束==========
2025-08-01 14:55:49,265 - common.log_handler - INFO - ========获取首页风险api分布饼图高危弱点api总数数据，测试开始==========
2025-08-01 14:55:49,330 - common.log_handler - INFO - ========获取首页风险api分布饼图高危弱点api总数数据，测试结束==========
2025-08-01 14:55:49,334 - common.log_handler - INFO - ========获取首页风险api分布饼图低危弱点api总数数据，测试开始==========
2025-08-01 14:55:49,393 - common.log_handler - INFO - ========获取首页风险api分布饼图低危弱点api总数数据，测试结束==========
2025-08-01 14:55:49,396 - common.log_handler - INFO - ========获取首页风险api分布饼图中危弱点api总数数据，测试开始==========
2025-08-01 14:55:49,450 - common.log_handler - INFO - ========获取首页风险api分布饼图中危弱点api总数数据，测试结束==========
